<?xml version="1.0" encoding="UTF-8"?>
<!-- Generated by org.testng.reporters.JUnitReportReporter -->
<testsuite hostname="DESKTOP-1BFCTLG" failures="0" tests="1" name="learnFramework.tests.ErrorValidations" time="16.998" errors="0" timestamp="2025-03-21T22:21:31 IST" skipped="0">
  <testcase classname="learnFramework.tests.ErrorValidations" name="wrongItem" time="16.998"/>
</testsuite> <!-- learnFramework.tests.ErrorValidations -->
