<?xml version="1.0" encoding="UTF-8"?>
<!-- Generated by org.testng.reporters.JUnitReportReporter -->
<testsuite hostname="DESKTOP-1BFCTLG" failures="0" tests="3" name="learnFramework.tests.StandAloneTest" time="100.331" errors="0" timestamp="2025-03-26T20:32:54 IST" skipped="0">
  <testcase classname="learnFramework.tests.StandAloneTest" name="submitOrder" time="23.967"/>
  <testcase classname="learnFramework.tests.StandAloneTest" name="submitOrder" time="16.158"/>
  <testcase classname="learnFramework.tests.StandAloneTest" name="orderHistoryTest" time="60.206"/>
</testsuite> <!-- learnFramework.tests.StandAloneTest -->
