<?xml version="1.0" encoding="UTF-8"?>
<!-- Generated by org.testng.reporters.JUnitReportReporter -->
<testsuite hostname="DESKTOP-1BFCTLG" failures="0" tests="2" name="learnFramework.tests.ErrorValidationsTest" time="36.580" errors="0" timestamp="2025-03-26T20:32:54 IST" skipped="0">
  <testcase classname="learnFramework.tests.ErrorValidationsTest" name="loginErrorValidation" time="18.938"/>
  <testcase classname="learnFramework.tests.ErrorValidationsTest" name="wrongItem" time="17.642"/>
</testsuite> <!-- learnFramework.tests.ErrorValidationsTest -->
