<?xml version="1.0" encoding="UTF-8"?>
<!-- Generated by org.testng.reporters.JUnitReportReporter -->
<testsuite hostname="DESKTOP-1BFCTLG" failures="0" tests="2" name="learnFramework.tests.ErrorValidationsTest" time="25.043" errors="0" timestamp="2025-03-31T16:46:11 IST" skipped="0">
  <testcase classname="learnFramework.tests.ErrorValidationsTest" name="wrongItem" time="18.888"/>
  <testcase classname="learnFramework.tests.ErrorValidationsTest" name="loginErrorValidation" time="6.155"/>
</testsuite> <!-- learnFramework.tests.ErrorValidationsTest -->
