<?xml version="1.0" encoding="UTF-8"?>
<!-- Generated by org.testng.reporters.JUnitReportReporter -->
<testsuite hostname="DESKTOP-1BFCTLG" failures="0" tests="3" name="learnFramework.tests.StandAloneTest" time="37.898" errors="0" timestamp="2025-03-31T16:46:11 IST" skipped="0">
  <testcase classname="learnFramework.tests.StandAloneTest" name="orderHistoryTest" time="10.067"/>
  <testcase classname="learnFramework.tests.StandAloneTest" name="submitOrder" time="13.798"/>
  <testcase classname="learnFramework.tests.StandAloneTest" name="submitOrder" time="14.033"/>
</testsuite> <!-- learnFramework.tests.StandAloneTest -->
